-------------------------------------------------------------------------------
Test set: com.hackaboss.equipo4.Equipo4ApplicationTests
-------------------------------------------------------------------------------
Tests run: 1, Failures: 0, Errors: 1, Skipped: 0, Time elapsed: 4.731 s <<< FAILURE! - in com.hackaboss.equipo4.Equipo4ApplicationTests
contextLoads  Time elapsed: 0.008 s  <<< ERROR!
java.lang.IllegalStateException: Failed to load ApplicationContext
Caused by: org.springframework.beans.factory.UnsatisfiedDependencyException: Error creating bean with name 'objectsController' defined in file [D:\ProyectosINtellij-Java\equipo4\target\classes\com\hackaboss\equipo4\Controller\Entities\ObjectsController.class]: Unsatisfied dependency expressed through constructor parameter 0; nested exception is org.springframework.beans.factory.NoSuchBeanDefinitionException: No qualifying bean of type 'com.hackaboss.equipo4.IService.Entities.IObjectsService' available: expected at least 1 bean which qualifies as autowire candidate. Dependency annotations: {}
Caused by: org.springframework.beans.factory.NoSuchBeanDefinitionException: No qualifying bean of type 'com.hackaboss.equipo4.IService.Entities.IObjectsService' available: expected at least 1 bean which qualifies as autowire candidate. Dependency annotations: {}

